[DEBUG] 2022-04-24 09:29:30.632 [main] BaseClass - The test is started
[DEBUG] 2022-04-24 09:29:30.814 [main] PackageRelationshipCollection - Parsing relationship: /xl/_rels/workbook.xml.rels
[DEBUG] 2022-04-24 09:29:30.818 [main] PackageRelationshipCollection - Parsing relationship: /xl/worksheets/_rels/sheet1.xml.rels
[DEBUG] 2022-04-24 09:29:30.819 [main] PackageRelationshipCollection - Parsing relationship: /xl/worksheets/_rels/sheet2.xml.rels
[DEBUG] 2022-04-24 09:29:30.820 [main] PackageRelationshipCollection - Parsing relationship: /xl/worksheets/_rels/sheet3.xml.rels
[DEBUG] 2022-04-24 09:29:30.821 [main] PackageRelationshipCollection - Parsing relationship: /xl/worksheets/_rels/sheet4.xml.rels
[DEBUG] 2022-04-24 09:29:30.823 [main] PackageRelationshipCollection - Parsing relationship: /xl/worksheets/_rels/sheet6.xml.rels
[DEBUG] 2022-04-24 09:29:30.824 [main] PackageRelationshipCollection - Parsing relationship: /xl/worksheets/_rels/sheet7.xml.rels
[DEBUG] 2022-04-24 09:29:30.826 [main] PackageRelationshipCollection - Parsing relationship: /_rels/.rels
[TRACE] 2022-04-24 09:29:31.019 [main] XBeanDebug - Loading type system org.apache.poi.schemas.ooxml.system.ooxml
[TRACE] 2022-04-24 09:29:31.024 [main] XBeanDebug - Loading type system org.apache.xmlbeans.metadata.system.sXMLCONFIG
[TRACE] 2022-04-24 09:29:31.025 [main] XBeanDebug - Loading type system org.apache.xmlbeans.metadata.system.sXMLLANG
[TRACE] 2022-04-24 09:29:31.026 [main] XBeanDebug - Loading type system org.apache.xmlbeans.metadata.system.sXMLSCHEMA
[TRACE] 2022-04-24 09:29:31.029 [main] XBeanDebug - Loading type system org.apache.xmlbeans.metadata.system.sXMLTOOLS
[TRACE] 2022-04-24 09:29:31.031 [main] XBeanDebug - Reading unresolved handles for type system org.apache.xmlbeans.metadata.system.sXMLTOOLS
[TRACE] 2022-04-24 09:29:31.046 [main] XBeanDebug - Finished loading type system org.apache.xmlbeans.metadata.system.sXMLTOOLS
[TRACE] 2022-04-24 09:29:31.047 [main] XBeanDebug - Reading unresolved handles for type system org.apache.xmlbeans.metadata.system.sXMLSCHEMA
[TRACE] 2022-04-24 09:29:31.054 [main] XBeanDebug - Finished loading type system org.apache.xmlbeans.metadata.system.sXMLSCHEMA
[TRACE] 2022-04-24 09:29:31.055 [main] XBeanDebug - Reading unresolved handles for type system org.apache.xmlbeans.metadata.system.sXMLLANG
[TRACE] 2022-04-24 09:29:31.056 [main] XBeanDebug - Finished loading type system org.apache.xmlbeans.metadata.system.sXMLLANG
[TRACE] 2022-04-24 09:29:31.058 [main] XBeanDebug - Reading unresolved handles for type system org.apache.xmlbeans.metadata.system.sXMLCONFIG
[TRACE] 2022-04-24 09:29:31.059 [main] XBeanDebug - Finished loading type system org.apache.xmlbeans.metadata.system.sXMLCONFIG
[TRACE] 2022-04-24 09:29:31.060 [main] XBeanDebug - Reading unresolved handles for type system org.apache.poi.schemas.ooxml.system.ooxml
[TRACE] 2022-04-24 09:29:31.118 [main] XBeanDebug - Finished loading type system org.apache.poi.schemas.ooxml.system.ooxml
[TRACE] 2022-04-24 09:29:31.119 [main] XBeanDebug - Resolving type for handle stylesheet5d8bdoctype
[TRACE] 2022-04-24 09:29:31.172 [main] XBeanDebug - Resolving type for handle ctstylesheet4257type
[TRACE] 2022-04-24 09:29:31.178 [main] XBeanDebug - Resolving type for handle ctfonts6623type
[TRACE] 2022-04-24 09:29:31.181 [main] XBeanDebug - Resolving type for handle ctfont14d8type
[TRACE] 2022-04-24 09:29:31.187 [main] XBeanDebug - Resolving type for handle ctfills2c6ftype
[TRACE] 2022-04-24 09:29:31.191 [main] XBeanDebug - Resolving type for handle ctfill550ctype
[TRACE] 2022-04-24 09:29:31.194 [main] XBeanDebug - Resolving type for handle ctborders0d66type
[TRACE] 2022-04-24 09:29:31.200 [main] XBeanDebug - Resolving type for handle ctborderf935type
[TRACE] 2022-04-24 09:29:31.204 [main] XBeanDebug - Resolving type for handle ctcellxfs1322type
[TRACE] 2022-04-24 09:29:31.209 [main] XBeanDebug - Resolving type for handle ctxf97f7type
[TRACE] 2022-04-24 09:29:31.213 [main] XBeanDebug - Resolving type for handle ctcellstylexfsa81ftype
[TRACE] 2022-04-24 09:29:31.215 [main] XBeanDebug - Resolving type for handle ctdxfsb26atype
[TRACE] 2022-04-24 09:29:31.219 [main] XBeanDebug - Resolving type for handle cttablestyles872ftype
[TRACE] 2022-04-24 09:29:31.222 [main] XBeanDebug - Resolving type for handle sstf81fdoctype
[TRACE] 2022-04-24 09:29:31.228 [main] XBeanDebug - Resolving type for handle ctsst44f3type
[TRACE] 2022-04-24 09:29:31.239 [main] XBeanDebug - Resolving type for handle ctrsta472type
[TRACE] 2022-04-24 09:29:31.265 [main] XBeanDebug - Resolving type for handle themefd26doctype
[DEBUG] 2022-04-24 09:29:31.275 [main] POIXMLFactory - using default POIXMLDocumentPart for http://schemas.openxmlformats.org/officeDocument/2006/relationships/printerSettings
[TRACE] 2022-04-24 09:29:31.277 [main] XBeanDebug - Resolving type for handle workbookec17doctype
[TRACE] 2022-04-24 09:29:31.281 [main] XBeanDebug - Resolving type for handle ctworkbook83c3type
[TRACE] 2022-04-24 09:29:31.286 [main] XBeanDebug - Resolving type for handle ctsheets49fdtype
[TRACE] 2022-04-24 09:29:31.289 [main] XBeanDebug - Resolving type for handle ctsheet4dbetype
[TRACE] 2022-04-24 09:29:31.291 [main] XBeanDebug - Resolving type for handle strelationshipid1e94type
[TRACE] 2022-04-24 09:29:31.295 [main] XBeanDebug - Resolving type for handle worksheetf539doctype
[TRACE] 2022-04-24 09:29:31.300 [main] XBeanDebug - Resolving type for handle ctworksheet530dtype
[TRACE] 2022-04-24 09:29:31.307 [main] XBeanDebug - Resolving type for handle ctsheetdata8408type
[TRACE] 2022-04-24 09:29:31.310 [main] XBeanDebug - Resolving type for handle ctrowdd39type
[TRACE] 2022-04-24 09:29:31.316 [main] XBeanDebug - Resolving type for handle ctcell842btype
[TRACE] 2022-04-24 09:29:31.322 [main] XBeanDebug - Resolving type for handle stcellrefe4e0type
[TRACE] 2022-04-24 09:29:31.333 [main] XBeanDebug - Resolving type for handle ctcols627ctype
[TRACE] 2022-04-24 09:29:31.338 [main] XBeanDebug - Resolving type for handle ctcola95ftype
[TRACE] 2022-04-24 09:29:31.350 [main] XBeanDebug - Resolving type for handle cthyperlinks6416type
[TRACE] 2022-04-24 09:29:31.354 [main] XBeanDebug - Resolving type for handle cthyperlink0c85type
[TRACE] 2022-04-24 09:29:31.379 [main] XBeanDebug - Resolving type for handle stxstringf179type
[DEBUG] 2022-04-24 09:29:31.392 [main] PackageRelationshipCollection - Parsing relationship: /xl/_rels/workbook.xml.rels
[DEBUG] 2022-04-24 09:29:31.393 [main] PackageRelationshipCollection - Parsing relationship: /xl/worksheets/_rels/sheet1.xml.rels
[DEBUG] 2022-04-24 09:29:31.394 [main] PackageRelationshipCollection - Parsing relationship: /xl/worksheets/_rels/sheet2.xml.rels
[DEBUG] 2022-04-24 09:29:31.396 [main] PackageRelationshipCollection - Parsing relationship: /xl/worksheets/_rels/sheet3.xml.rels
[DEBUG] 2022-04-24 09:29:31.397 [main] PackageRelationshipCollection - Parsing relationship: /xl/worksheets/_rels/sheet4.xml.rels
[DEBUG] 2022-04-24 09:29:31.398 [main] PackageRelationshipCollection - Parsing relationship: /xl/worksheets/_rels/sheet6.xml.rels
[DEBUG] 2022-04-24 09:29:31.399 [main] PackageRelationshipCollection - Parsing relationship: /xl/worksheets/_rels/sheet7.xml.rels
[DEBUG] 2022-04-24 09:29:31.400 [main] PackageRelationshipCollection - Parsing relationship: /_rels/.rels
[DEBUG] 2022-04-24 09:29:31.414 [main] POIXMLFactory - using default POIXMLDocumentPart for http://schemas.openxmlformats.org/officeDocument/2006/relationships/printerSettings
[DEBUG] 2022-04-24 09:29:31.457 [main] PackageRelationshipCollection - Parsing relationship: /xl/_rels/workbook.xml.rels
[DEBUG] 2022-04-24 09:29:31.460 [main] PackageRelationshipCollection - Parsing relationship: /xl/worksheets/_rels/sheet1.xml.rels
[DEBUG] 2022-04-24 09:29:31.461 [main] PackageRelationshipCollection - Parsing relationship: /xl/worksheets/_rels/sheet2.xml.rels
[DEBUG] 2022-04-24 09:29:31.463 [main] PackageRelationshipCollection - Parsing relationship: /xl/worksheets/_rels/sheet3.xml.rels
[DEBUG] 2022-04-24 09:29:31.464 [main] PackageRelationshipCollection - Parsing relationship: /xl/worksheets/_rels/sheet4.xml.rels
[DEBUG] 2022-04-24 09:29:31.465 [main] PackageRelationshipCollection - Parsing relationship: /xl/worksheets/_rels/sheet6.xml.rels
[DEBUG] 2022-04-24 09:29:31.466 [main] PackageRelationshipCollection - Parsing relationship: /xl/worksheets/_rels/sheet7.xml.rels
[DEBUG] 2022-04-24 09:29:31.467 [main] PackageRelationshipCollection - Parsing relationship: /_rels/.rels
[DEBUG] 2022-04-24 09:29:31.486 [main] POIXMLFactory - using default POIXMLDocumentPart for http://schemas.openxmlformats.org/officeDocument/2006/relationships/printerSettings
[TRACE] 2022-04-24 09:29:31.517 [main] XBeanDebug - Resolving type for handle stcelltypebf95type
[DEBUG] 2022-04-24 09:29:31.531 [main] PackageRelationshipCollection - Parsing relationship: /xl/_rels/workbook.xml.rels
[DEBUG] 2022-04-24 09:29:31.533 [main] PackageRelationshipCollection - Parsing relationship: /xl/worksheets/_rels/sheet1.xml.rels
[DEBUG] 2022-04-24 09:29:31.534 [main] PackageRelationshipCollection - Parsing relationship: /xl/worksheets/_rels/sheet2.xml.rels
[DEBUG] 2022-04-24 09:29:31.536 [main] PackageRelationshipCollection - Parsing relationship: /xl/worksheets/_rels/sheet3.xml.rels
[DEBUG] 2022-04-24 09:29:31.537 [main] PackageRelationshipCollection - Parsing relationship: /xl/worksheets/_rels/sheet4.xml.rels
[DEBUG] 2022-04-24 09:29:31.538 [main] PackageRelationshipCollection - Parsing relationship: /xl/worksheets/_rels/sheet6.xml.rels
[DEBUG] 2022-04-24 09:29:31.539 [main] PackageRelationshipCollection - Parsing relationship: /xl/worksheets/_rels/sheet7.xml.rels
[DEBUG] 2022-04-24 09:29:31.540 [main] PackageRelationshipCollection - Parsing relationship: /_rels/.rels
[DEBUG] 2022-04-24 09:29:31.566 [main] POIXMLFactory - using default POIXMLDocumentPart for http://schemas.openxmlformats.org/officeDocument/2006/relationships/printerSettings
[DEBUG] 2022-04-24 09:29:31.599 [main] PackageRelationshipCollection - Parsing relationship: /xl/_rels/workbook.xml.rels
[DEBUG] 2022-04-24 09:29:31.601 [main] PackageRelationshipCollection - Parsing relationship: /xl/worksheets/_rels/sheet1.xml.rels
[DEBUG] 2022-04-24 09:29:31.602 [main] PackageRelationshipCollection - Parsing relationship: /xl/worksheets/_rels/sheet2.xml.rels
[DEBUG] 2022-04-24 09:29:31.603 [main] PackageRelationshipCollection - Parsing relationship: /xl/worksheets/_rels/sheet3.xml.rels
[DEBUG] 2022-04-24 09:29:31.604 [main] PackageRelationshipCollection - Parsing relationship: /xl/worksheets/_rels/sheet4.xml.rels
[DEBUG] 2022-04-24 09:29:31.605 [main] PackageRelationshipCollection - Parsing relationship: /xl/worksheets/_rels/sheet6.xml.rels
[DEBUG] 2022-04-24 09:29:31.606 [main] PackageRelationshipCollection - Parsing relationship: /xl/worksheets/_rels/sheet7.xml.rels
[DEBUG] 2022-04-24 09:29:31.607 [main] PackageRelationshipCollection - Parsing relationship: /_rels/.rels
[DEBUG] 2022-04-24 09:29:31.622 [main] POIXMLFactory - using default POIXMLDocumentPart for http://schemas.openxmlformats.org/officeDocument/2006/relationships/printerSettings
[DEBUG] 2022-04-24 09:29:31.653 [main] PackageRelationshipCollection - Parsing relationship: /xl/_rels/workbook.xml.rels
[DEBUG] 2022-04-24 09:29:31.655 [main] PackageRelationshipCollection - Parsing relationship: /xl/worksheets/_rels/sheet1.xml.rels
[DEBUG] 2022-04-24 09:29:31.656 [main] PackageRelationshipCollection - Parsing relationship: /xl/worksheets/_rels/sheet2.xml.rels
[DEBUG] 2022-04-24 09:29:31.658 [main] PackageRelationshipCollection - Parsing relationship: /xl/worksheets/_rels/sheet3.xml.rels
[DEBUG] 2022-04-24 09:29:31.659 [main] PackageRelationshipCollection - Parsing relationship: /xl/worksheets/_rels/sheet4.xml.rels
[DEBUG] 2022-04-24 09:29:31.660 [main] PackageRelationshipCollection - Parsing relationship: /xl/worksheets/_rels/sheet6.xml.rels
[DEBUG] 2022-04-24 09:29:31.661 [main] PackageRelationshipCollection - Parsing relationship: /xl/worksheets/_rels/sheet7.xml.rels
[DEBUG] 2022-04-24 09:29:31.662 [main] PackageRelationshipCollection - Parsing relationship: /_rels/.rels
[DEBUG] 2022-04-24 09:29:31.679 [main] POIXMLFactory - using default POIXMLDocumentPart for http://schemas.openxmlformats.org/officeDocument/2006/relationships/printerSettings
[DEBUG] 2022-04-24 09:29:35.347 [main] BaseClass - driver is initialised
[DEBUG] 2022-04-24 09:30:24.099 [main] BaseClass - Its is done
[DEBUG] 2022-04-24 09:51:27.787 [main] BaseClass - The test is started
[DEBUG] 2022-04-24 09:51:27.911 [main] PackageRelationshipCollection - Parsing relationship: /xl/_rels/workbook.xml.rels
[DEBUG] 2022-04-24 09:51:27.914 [main] PackageRelationshipCollection - Parsing relationship: /xl/worksheets/_rels/sheet1.xml.rels
[DEBUG] 2022-04-24 09:51:27.916 [main] PackageRelationshipCollection - Parsing relationship: /xl/worksheets/_rels/sheet2.xml.rels
[DEBUG] 2022-04-24 09:51:27.917 [main] PackageRelationshipCollection - Parsing relationship: /xl/worksheets/_rels/sheet3.xml.rels
[DEBUG] 2022-04-24 09:51:27.918 [main] PackageRelationshipCollection - Parsing relationship: /xl/worksheets/_rels/sheet4.xml.rels
[DEBUG] 2022-04-24 09:51:27.920 [main] PackageRelationshipCollection - Parsing relationship: /xl/worksheets/_rels/sheet6.xml.rels
[DEBUG] 2022-04-24 09:51:27.921 [main] PackageRelationshipCollection - Parsing relationship: /xl/worksheets/_rels/sheet7.xml.rels
[DEBUG] 2022-04-24 09:51:27.922 [main] PackageRelationshipCollection - Parsing relationship: /_rels/.rels
[TRACE] 2022-04-24 09:51:28.047 [main] XBeanDebug - Loading type system org.apache.poi.schemas.ooxml.system.ooxml
[TRACE] 2022-04-24 09:51:28.049 [main] XBeanDebug - Loading type system org.apache.xmlbeans.metadata.system.sXMLCONFIG
[TRACE] 2022-04-24 09:51:28.051 [main] XBeanDebug - Loading type system org.apache.xmlbeans.metadata.system.sXMLLANG
[TRACE] 2022-04-24 09:51:28.053 [main] XBeanDebug - Loading type system org.apache.xmlbeans.metadata.system.sXMLSCHEMA
[TRACE] 2022-04-24 09:51:28.055 [main] XBeanDebug - Loading type system org.apache.xmlbeans.metadata.system.sXMLTOOLS
[TRACE] 2022-04-24 09:51:28.056 [main] XBeanDebug - Reading unresolved handles for type system org.apache.xmlbeans.metadata.system.sXMLTOOLS
[TRACE] 2022-04-24 09:51:28.070 [main] XBeanDebug - Finished loading type system org.apache.xmlbeans.metadata.system.sXMLTOOLS
[TRACE] 2022-04-24 09:51:28.072 [main] XBeanDebug - Reading unresolved handles for type system org.apache.xmlbeans.metadata.system.sXMLSCHEMA
[TRACE] 2022-04-24 09:51:28.077 [main] XBeanDebug - Finished loading type system org.apache.xmlbeans.metadata.system.sXMLSCHEMA
[TRACE] 2022-04-24 09:51:28.077 [main] XBeanDebug - Reading unresolved handles for type system org.apache.xmlbeans.metadata.system.sXMLLANG
[TRACE] 2022-04-24 09:51:28.079 [main] XBeanDebug - Finished loading type system org.apache.xmlbeans.metadata.system.sXMLLANG
[TRACE] 2022-04-24 09:51:28.079 [main] XBeanDebug - Reading unresolved handles for type system org.apache.xmlbeans.metadata.system.sXMLCONFIG
[TRACE] 2022-04-24 09:51:28.081 [main] XBeanDebug - Finished loading type system org.apache.xmlbeans.metadata.system.sXMLCONFIG
[TRACE] 2022-04-24 09:51:28.082 [main] XBeanDebug - Reading unresolved handles for type system org.apache.poi.schemas.ooxml.system.ooxml
[TRACE] 2022-04-24 09:51:28.132 [main] XBeanDebug - Finished loading type system org.apache.poi.schemas.ooxml.system.ooxml
[TRACE] 2022-04-24 09:51:28.133 [main] XBeanDebug - Resolving type for handle stylesheet5d8bdoctype
[TRACE] 2022-04-24 09:51:28.200 [main] XBeanDebug - Resolving type for handle ctstylesheet4257type
[TRACE] 2022-04-24 09:51:28.203 [main] XBeanDebug - Resolving type for handle ctfonts6623type
[TRACE] 2022-04-24 09:51:28.206 [main] XBeanDebug - Resolving type for handle ctfont14d8type
[TRACE] 2022-04-24 09:51:28.211 [main] XBeanDebug - Resolving type for handle ctfills2c6ftype
[TRACE] 2022-04-24 09:51:28.213 [main] XBeanDebug - Resolving type for handle ctfill550ctype
[TRACE] 2022-04-24 09:51:28.216 [main] XBeanDebug - Resolving type for handle ctborders0d66type
[TRACE] 2022-04-24 09:51:28.221 [main] XBeanDebug - Resolving type for handle ctborderf935type
[TRACE] 2022-04-24 09:51:28.226 [main] XBeanDebug - Resolving type for handle ctcellxfs1322type
[TRACE] 2022-04-24 09:51:28.229 [main] XBeanDebug - Resolving type for handle ctxf97f7type
[TRACE] 2022-04-24 09:51:28.231 [main] XBeanDebug - Resolving type for handle ctcellstylexfsa81ftype
[TRACE] 2022-04-24 09:51:28.233 [main] XBeanDebug - Resolving type for handle ctdxfsb26atype
[TRACE] 2022-04-24 09:51:28.235 [main] XBeanDebug - Resolving type for handle cttablestyles872ftype
[TRACE] 2022-04-24 09:51:28.238 [main] XBeanDebug - Resolving type for handle sstf81fdoctype
[TRACE] 2022-04-24 09:51:28.243 [main] XBeanDebug - Resolving type for handle ctsst44f3type
[TRACE] 2022-04-24 09:51:28.249 [main] XBeanDebug - Resolving type for handle ctrsta472type
[TRACE] 2022-04-24 09:51:28.272 [main] XBeanDebug - Resolving type for handle themefd26doctype
[DEBUG] 2022-04-24 09:51:28.280 [main] POIXMLFactory - using default POIXMLDocumentPart for http://schemas.openxmlformats.org/officeDocument/2006/relationships/printerSettings
[TRACE] 2022-04-24 09:51:28.282 [main] XBeanDebug - Resolving type for handle workbookec17doctype
[TRACE] 2022-04-24 09:51:28.285 [main] XBeanDebug - Resolving type for handle ctworkbook83c3type
[TRACE] 2022-04-24 09:51:28.296 [main] XBeanDebug - Resolving type for handle ctsheets49fdtype
[TRACE] 2022-04-24 09:51:28.298 [main] XBeanDebug - Resolving type for handle ctsheet4dbetype
[TRACE] 2022-04-24 09:51:28.300 [main] XBeanDebug - Resolving type for handle strelationshipid1e94type
[TRACE] 2022-04-24 09:51:28.302 [main] XBeanDebug - Resolving type for handle worksheetf539doctype
[TRACE] 2022-04-24 09:51:28.308 [main] XBeanDebug - Resolving type for handle ctworksheet530dtype
[TRACE] 2022-04-24 09:51:28.317 [main] XBeanDebug - Resolving type for handle ctsheetdata8408type
[TRACE] 2022-04-24 09:51:28.319 [main] XBeanDebug - Resolving type for handle ctrowdd39type
[TRACE] 2022-04-24 09:51:28.323 [main] XBeanDebug - Resolving type for handle ctcell842btype
[TRACE] 2022-04-24 09:51:28.328 [main] XBeanDebug - Resolving type for handle stcellrefe4e0type
[TRACE] 2022-04-24 09:51:28.335 [main] XBeanDebug - Resolving type for handle ctcols627ctype
[TRACE] 2022-04-24 09:51:28.340 [main] XBeanDebug - Resolving type for handle ctcola95ftype
[TRACE] 2022-04-24 09:51:28.351 [main] XBeanDebug - Resolving type for handle cthyperlinks6416type
[TRACE] 2022-04-24 09:51:28.355 [main] XBeanDebug - Resolving type for handle cthyperlink0c85type
[TRACE] 2022-04-24 09:51:28.377 [main] XBeanDebug - Resolving type for handle stxstringf179type
[DEBUG] 2022-04-24 09:51:28.390 [main] PackageRelationshipCollection - Parsing relationship: /xl/_rels/workbook.xml.rels
[DEBUG] 2022-04-24 09:51:28.391 [main] PackageRelationshipCollection - Parsing relationship: /xl/worksheets/_rels/sheet1.xml.rels
[DEBUG] 2022-04-24 09:51:28.392 [main] PackageRelationshipCollection - Parsing relationship: /xl/worksheets/_rels/sheet2.xml.rels
[DEBUG] 2022-04-24 09:51:28.393 [main] PackageRelationshipCollection - Parsing relationship: /xl/worksheets/_rels/sheet3.xml.rels
[DEBUG] 2022-04-24 09:51:28.394 [main] PackageRelationshipCollection - Parsing relationship: /xl/worksheets/_rels/sheet4.xml.rels
[DEBUG] 2022-04-24 09:51:28.395 [main] PackageRelationshipCollection - Parsing relationship: /xl/worksheets/_rels/sheet6.xml.rels
[DEBUG] 2022-04-24 09:51:28.396 [main] PackageRelationshipCollection - Parsing relationship: /xl/worksheets/_rels/sheet7.xml.rels
[DEBUG] 2022-04-24 09:51:28.397 [main] PackageRelationshipCollection - Parsing relationship: /_rels/.rels
[DEBUG] 2022-04-24 09:51:28.413 [main] POIXMLFactory - using default POIXMLDocumentPart for http://schemas.openxmlformats.org/officeDocument/2006/relationships/printerSettings
[DEBUG] 2022-04-24 09:51:28.443 [main] PackageRelationshipCollection - Parsing relationship: /xl/_rels/workbook.xml.rels
[DEBUG] 2022-04-24 09:51:28.445 [main] PackageRelationshipCollection - Parsing relationship: /xl/worksheets/_rels/sheet1.xml.rels
[DEBUG] 2022-04-24 09:51:28.446 [main] PackageRelationshipCollection - Parsing relationship: /xl/worksheets/_rels/sheet2.xml.rels
[DEBUG] 2022-04-24 09:51:28.447 [main] PackageRelationshipCollection - Parsing relationship: /xl/worksheets/_rels/sheet3.xml.rels
[DEBUG] 2022-04-24 09:51:28.448 [main] PackageRelationshipCollection - Parsing relationship: /xl/worksheets/_rels/sheet4.xml.rels
[DEBUG] 2022-04-24 09:51:28.449 [main] PackageRelationshipCollection - Parsing relationship: /xl/worksheets/_rels/sheet6.xml.rels
[DEBUG] 2022-04-24 09:51:28.449 [main] PackageRelationshipCollection - Parsing relationship: /xl/worksheets/_rels/sheet7.xml.rels
[DEBUG] 2022-04-24 09:51:28.450 [main] PackageRelationshipCollection - Parsing relationship: /_rels/.rels
[DEBUG] 2022-04-24 09:51:28.464 [main] POIXMLFactory - using default POIXMLDocumentPart for http://schemas.openxmlformats.org/officeDocument/2006/relationships/printerSettings
[TRACE] 2022-04-24 09:51:28.486 [main] XBeanDebug - Resolving type for handle stcelltypebf95type
[DEBUG] 2022-04-24 09:51:28.500 [main] PackageRelationshipCollection - Parsing relationship: /xl/_rels/workbook.xml.rels
[DEBUG] 2022-04-24 09:51:28.502 [main] PackageRelationshipCollection - Parsing relationship: /xl/worksheets/_rels/sheet1.xml.rels
[DEBUG] 2022-04-24 09:51:28.503 [main] PackageRelationshipCollection - Parsing relationship: /xl/worksheets/_rels/sheet2.xml.rels
[DEBUG] 2022-04-24 09:51:28.504 [main] PackageRelationshipCollection - Parsing relationship: /xl/worksheets/_rels/sheet3.xml.rels
[DEBUG] 2022-04-24 09:51:28.506 [main] PackageRelationshipCollection - Parsing relationship: /xl/worksheets/_rels/sheet4.xml.rels
[DEBUG] 2022-04-24 09:51:28.507 [main] PackageRelationshipCollection - Parsing relationship: /xl/worksheets/_rels/sheet6.xml.rels
[DEBUG] 2022-04-24 09:51:28.508 [main] PackageRelationshipCollection - Parsing relationship: /xl/worksheets/_rels/sheet7.xml.rels
[DEBUG] 2022-04-24 09:51:28.509 [main] PackageRelationshipCollection - Parsing relationship: /_rels/.rels
[DEBUG] 2022-04-24 09:51:28.521 [main] POIXMLFactory - using default POIXMLDocumentPart for http://schemas.openxmlformats.org/officeDocument/2006/relationships/printerSettings
[DEBUG] 2022-04-24 09:51:28.547 [main] PackageRelationshipCollection - Parsing relationship: /xl/_rels/workbook.xml.rels
[DEBUG] 2022-04-24 09:51:28.549 [main] PackageRelationshipCollection - Parsing relationship: /xl/worksheets/_rels/sheet1.xml.rels
[DEBUG] 2022-04-24 09:51:28.549 [main] PackageRelationshipCollection - Parsing relationship: /xl/worksheets/_rels/sheet2.xml.rels
[DEBUG] 2022-04-24 09:51:28.550 [main] PackageRelationshipCollection - Parsing relationship: /xl/worksheets/_rels/sheet3.xml.rels
[DEBUG] 2022-04-24 09:51:28.551 [main] PackageRelationshipCollection - Parsing relationship: /xl/worksheets/_rels/sheet4.xml.rels
[DEBUG] 2022-04-24 09:51:28.551 [main] PackageRelationshipCollection - Parsing relationship: /xl/worksheets/_rels/sheet6.xml.rels
[DEBUG] 2022-04-24 09:51:28.552 [main] PackageRelationshipCollection - Parsing relationship: /xl/worksheets/_rels/sheet7.xml.rels
[DEBUG] 2022-04-24 09:51:28.553 [main] PackageRelationshipCollection - Parsing relationship: /_rels/.rels
[DEBUG] 2022-04-24 09:51:28.565 [main] POIXMLFactory - using default POIXMLDocumentPart for http://schemas.openxmlformats.org/officeDocument/2006/relationships/printerSettings
[DEBUG] 2022-04-24 09:51:28.592 [main] PackageRelationshipCollection - Parsing relationship: /xl/_rels/workbook.xml.rels
[DEBUG] 2022-04-24 09:51:28.593 [main] PackageRelationshipCollection - Parsing relationship: /xl/worksheets/_rels/sheet1.xml.rels
[DEBUG] 2022-04-24 09:51:28.594 [main] PackageRelationshipCollection - Parsing relationship: /xl/worksheets/_rels/sheet2.xml.rels
[DEBUG] 2022-04-24 09:51:28.595 [main] PackageRelationshipCollection - Parsing relationship: /xl/worksheets/_rels/sheet3.xml.rels
[DEBUG] 2022-04-24 09:51:28.595 [main] PackageRelationshipCollection - Parsing relationship: /xl/worksheets/_rels/sheet4.xml.rels
[DEBUG] 2022-04-24 09:51:28.596 [main] PackageRelationshipCollection - Parsing relationship: /xl/worksheets/_rels/sheet6.xml.rels
[DEBUG] 2022-04-24 09:51:28.597 [main] PackageRelationshipCollection - Parsing relationship: /xl/worksheets/_rels/sheet7.xml.rels
[DEBUG] 2022-04-24 09:51:28.598 [main] PackageRelationshipCollection - Parsing relationship: /_rels/.rels
[DEBUG] 2022-04-24 09:51:28.611 [main] POIXMLFactory - using default POIXMLDocumentPart for http://schemas.openxmlformats.org/officeDocument/2006/relationships/printerSettings
[DEBUG] 2022-04-24 09:51:30.736 [main] BaseClass - driver is initialised
[DEBUG] 2022-04-24 09:52:29.765 [main] BaseClass - Its is done
